This file contains any messages produced by compilers while
running configure, to aid debugging if configure makes a mistake.

configure:567: checking for a BSD compatible install
configure:620: checking whether build environment is sane
configure:677: checking whether make sets ${MAKE}
configure:723: checking for working aclocal
configure:736: checking for working autoconf
configure:749: checking for working automake
configure:762: checking for working autoheader
configure:775: checking for working makeinfo
configure:842: checking for gcc
configure:955: checking whether the C compiler (gcc  ) works
configure:971: gcc -o conftest    conftest.c  1>&5
configure:997: checking whether the C compiler (gcc  ) is a cross-compiler
configure:1002: checking whether we are using GNU C
configure:1011: gcc -E conftest.c
configure:1030: checking whether gcc accepts -g
configure:1065: checking for gcc option to accept ANSI C
configure:1118: gcc  -c -g -O2  conftest.c 1>&5
configure:1153: checking for a BSD compatible install
configure:1206: checking how to run the C preprocessor
configure:1227: gcc -E  conftest.c >/dev/null 2>conftest.out
configure:1286: checking for ANSI C header files
configure:1299: gcc -E  conftest.c >/dev/null 2>conftest.out
configure:1366: gcc -o conftest -g -O2   conftest.c  1>&5
configure:1395: checking for X
configure:1709: checking for dnet_ntoa in -ldnet
configure:1728: gcc -o conftest -g -O2   conftest.c -ldnet   1>&5
/usr/bin/ld: cannot open -ldnet: No such file or directory
collect2: ld returned 1 exit status
configure: failed program was:
#line 1717 "configure"
#include "confdefs.h"
/* Override any gcc2 internal prototype to avoid an error.  */
/* We use char because int might match the return type of a gcc2
    builtin and then its argument prototype would still apply.  */
char dnet_ntoa();

int main() {
dnet_ntoa()
; return 0; }
configure:1750: checking for dnet_ntoa in -ldnet_stub
configure:1769: gcc -o conftest -g -O2   conftest.c -ldnet_stub   1>&5
/usr/bin/ld: cannot open -ldnet_stub: No such file or directory
collect2: ld returned 1 exit status
configure: failed program was:
#line 1758 "configure"
#include "confdefs.h"
/* Override any gcc2 internal prototype to avoid an error.  */
/* We use char because int might match the return type of a gcc2
    builtin and then its argument prototype would still apply.  */
char dnet_ntoa();

int main() {
dnet_ntoa()
; return 0; }
configure:1798: checking for gethostbyname
configure:1826: gcc -o conftest -g -O2   conftest.c  1>&5
configure:1896: checking for connect
configure:1924: gcc -o conftest -g -O2   conftest.c  1>&5
configure:1988: checking for remove
configure:2016: gcc -o conftest -g -O2   conftest.c  1>&5
configure:2080: checking for shmat
configure:2108: gcc -o conftest -g -O2   conftest.c  1>&5
configure:2181: checking for IceConnectionNumber in -lICE
configure:2200: gcc -o conftest -g -O2   -L/usr/X11R6/lib conftest.c -lICE   1>&5
configure:2229: checking for imlib_context_set_visual in -lImlib2
configure:2248: gcc -o conftest -g -O2   conftest.c -lImlib2   1>&5
configure:2280: checking for Imlib2.h
configure:2290: gcc -E  conftest.c >/dev/null 2>conftest.out
configure:2317: checking for freetype.h
configure:2327: gcc -E  conftest.c >/dev/null 2>conftest.out
configure:2354: checking for TT_Init_FreeType in -lttf
configure:2373: gcc -o conftest -g -O2   conftest.c -lttf -lm -lImlib2  1>&5
configure:2406: checking for dlopen in -ldl
configure:2425: gcc -o conftest -g -O2   conftest.c -ldl -lm -lImlib2  1>&5
configure:2453: checking for XineramaQueryExtension in -lXinerama
configure:2472: gcc -o conftest -g -O2   conftest.c -lXinerama  -L/usr/X11R6/lib -lImlib2  1>&5
